  순차파일.cpp
C:\Users\HSM\source\repos\순차파일\순차파일\순차파일_f.h(102,42): warning C4477: 'sscanf_s' : 서식 문자열 '%c'에 'unsigned int' 형식의 인수가 필요하지만 variadic 인수 2의 형식이 'size_t'입니다.
C:\Users\HSM\source\repos\순차파일\순차파일\순차파일_f.h(102,42): message : 이 인수는 버퍼 크기로 사용됩니다.
C:\Users\HSM\source\repos\순차파일\순차파일\순차파일_f.h(103,25): warning C4477: 'sscanf_s' : 서식 문자열 '%c'에 'unsigned int' 형식의 인수가 필요하지만 variadic 인수 2의 형식이 'size_t'입니다.
C:\Users\HSM\source\repos\순차파일\순차파일\순차파일_f.h(103,25): message : 이 인수는 버퍼 크기로 사용됩니다.
C:\Users\HSM\source\repos\순차파일\순차파일\순차파일_f.h(103,25): warning C4477: 'sscanf_s' : 서식 문자열 '%s'에 'unsigned int' 형식의 인수가 필요하지만 variadic 인수 5의 형식이 'size_t'입니다.
C:\Users\HSM\source\repos\순차파일\순차파일\순차파일_f.h(103,25): message : 이 인수는 버퍼 크기로 사용됩니다.
C:\Users\HSM\source\repos\순차파일\순차파일\순차파일_f.h(103,25): warning C4477: 'sscanf_s' : 서식 문자열 '%s'에 'unsigned int' 형식의 인수가 필요하지만 variadic 인수 7의 형식이 'size_t'입니다.
C:\Users\HSM\source\repos\순차파일\순차파일\순차파일_f.h(103,25): message : 이 인수는 버퍼 크기로 사용됩니다.
C:\Users\HSM\source\repos\순차파일\순차파일\순차파일_f.h(103,25): warning C4477: 'sscanf_s' : 서식 문자열 '%s'에 'unsigned int' 형식의 인수가 필요하지만 variadic 인수 9의 형식이 'size_t'입니다.
C:\Users\HSM\source\repos\순차파일\순차파일\순차파일_f.h(103,25): message : 이 인수는 버퍼 크기로 사용됩니다.
C:\Users\HSM\source\repos\순차파일\순차파일\순차파일_f.h(117,24): warning C4477: 'fscanf_s' : 서식 문자열 '%s'에 'unsigned int' 형식의 인수가 필요하지만 variadic 인수 3의 형식이 'size_t'입니다.
C:\Users\HSM\source\repos\순차파일\순차파일\순차파일_f.h(117,24): message : 이 인수는 버퍼 크기로 사용됩니다.
C:\Users\HSM\source\repos\순차파일\순차파일\순차파일_f.h(117,24): warning C4477: 'fscanf_s' : 서식 문자열 '%s'에 'unsigned int' 형식의 인수가 필요하지만 variadic 인수 5의 형식이 'size_t'입니다.
C:\Users\HSM\source\repos\순차파일\순차파일\순차파일_f.h(117,24): message : 이 인수는 버퍼 크기로 사용됩니다.
C:\Users\HSM\source\repos\순차파일\순차파일\순차파일_f.h(117,24): warning C4477: 'fscanf_s' : 서식 문자열 '%s'에 'unsigned int' 형식의 인수가 필요하지만 variadic 인수 7의 형식이 'size_t'입니다.
C:\Users\HSM\source\repos\순차파일\순차파일\순차파일_f.h(117,24): message : 이 인수는 버퍼 크기로 사용됩니다.
C:\Users\HSM\source\repos\순차파일\순차파일\순차파일.cpp(14,12): warning C4477: 'scanf_s' : 서식 문자열 '%s'에 'unsigned int' 형식의 인수가 필요하지만 variadic 인수 3의 형식이 'size_t'입니다.
C:\Users\HSM\source\repos\순차파일\순차파일\순차파일.cpp(14,12): message : 이 인수는 버퍼 크기로 사용됩니다.
C:\Users\HSM\source\repos\순차파일\순차파일\순차파일.cpp(14,12): warning C4477: 'scanf_s' : 서식 문자열 '%s'에 'unsigned int' 형식의 인수가 필요하지만 variadic 인수 5의 형식이 'size_t'입니다.
C:\Users\HSM\source\repos\순차파일\순차파일\순차파일.cpp(14,12): message : 이 인수는 버퍼 크기로 사용됩니다.
C:\Users\HSM\source\repos\순차파일\순차파일\순차파일.cpp(14,12): warning C4477: 'scanf_s' : 서식 문자열 '%s'에 'unsigned int' 형식의 인수가 필요하지만 variadic 인수 7의 형식이 'size_t'입니다.
C:\Users\HSM\source\repos\순차파일\순차파일\순차파일.cpp(14,12): message : 이 인수는 버퍼 크기로 사용됩니다.
C:\Users\HSM\source\repos\순차파일\순차파일\순차파일.cpp(32,12): warning C4477: 'scanf_s' : 서식 문자열 '%s'에 'unsigned int' 형식의 인수가 필요하지만 variadic 인수 3의 형식이 'size_t'입니다.
C:\Users\HSM\source\repos\순차파일\순차파일\순차파일.cpp(32,12): message : 이 인수는 버퍼 크기로 사용됩니다.
C:\Users\HSM\source\repos\순차파일\순차파일\순차파일.cpp(32,12): warning C4477: 'scanf_s' : 서식 문자열 '%s'에 'unsigned int' 형식의 인수가 필요하지만 variadic 인수 5의 형식이 'size_t'입니다.
C:\Users\HSM\source\repos\순차파일\순차파일\순차파일.cpp(32,12): message : 이 인수는 버퍼 크기로 사용됩니다.
C:\Users\HSM\source\repos\순차파일\순차파일\순차파일.cpp(32,12): warning C4477: 'scanf_s' : 서식 문자열 '%s'에 'unsigned int' 형식의 인수가 필요하지만 variadic 인수 7의 형식이 'size_t'입니다.
C:\Users\HSM\source\repos\순차파일\순차파일\순차파일.cpp(32,12): message : 이 인수는 버퍼 크기로 사용됩니다.
  코드를 생성하고 있습니다.
  Previous IPDB not found, fall back to full compilation.
  All 18 functions were compiled because no usable IPDB/IOBJ from previous compilation was found.
  코드를 생성했습니다.
  순차파일.vcxproj -> C:\Users\HSM\source\repos\순차파일\x64\Release\순차파일.exe
